<?xml version="1.0" encoding="UTF-8"?>
<!-- Generated by org.testng.reporters.JUnitReportReporter -->
<testsuite hostname="DESKTOP-Q2RM1HI" failures="0" tests="1" name="controlWEbElementsExercise.InputBox" time="0.116" errors="0" timestamp="2021-12-17T10:43:28 IST" skipped="0">
  <testcase classname="controlWEbElementsExercise.InputBox" name="InputBoxInput" time="0.116"/>
  <system-out/>
</testsuite> <!-- controlWEbElementsExercise.InputBox -->
