<?xml version="1.0" encoding="UTF-8"?>
<!-- Generated by org.testng.reporters.JUnitReportReporter -->
<testsuite hostname="DESKTOP-Q2RM1HI" failures="0" tests="1" name="controlWEbElementsExercise.ListBox" time="6.613" errors="0" timestamp="2021-12-17T10:29:44 IST" skipped="0">
  <testcase classname="controlWEbElementsExercise.ListBox" name="ListBoxSelec" time="6.613"/>
  <system-out/>
</testsuite> <!-- controlWEbElementsExercise.ListBox -->
