<?xml version="1.0" encoding="UTF-8"?>
<!-- Generated by org.testng.reporters.JUnitReportReporter -->
<testsuite hostname="DESKTOP-Q2RM1HI" failures="0" tests="1" name="actionClass.DragnDrop" time="0.587" errors="0" timestamp="2021-12-20T13:26:00 IST" skipped="0">
  <testcase classname="actionClass.DragnDrop" name="DragDrop" time="0.587"/>
  <system-out/>
</testsuite> <!-- actionClass.DragnDrop -->
