<?xml version="1.0" encoding="UTF-8"?>
<!-- Generated by org.testng.reporters.JUnitReportReporter -->
<testsuite hostname="DESKTOP-Q2RM1HI" failures="0" tests="1" name="controlWEbElementsExercise.AlertHandling" time="18.457" errors="0" timestamp="2021-12-17T12:03:16 IST" skipped="0">
  <testcase classname="controlWEbElementsExercise.AlertHandling" name="Alert" time="18.457"/>
  <system-out/>
</testsuite> <!-- controlWEbElementsExercise.AlertHandling -->
