<?xml version="1.0" encoding="UTF-8"?>
<!-- Generated by org.testng.reporters.JUnitReportReporter -->
<testsuite hostname="DESKTOP-Q2RM1HI" failures="0" tests="1" name="controlWEbElementsExercise.Checkbox_RadioButton" time="0.199" errors="0" timestamp="2021-12-20T13:17:03 IST" skipped="0">
  <testcase classname="controlWEbElementsExercise.Checkbox_RadioButton" name="InputBoxInput" time="0.199"/>
  <system-out/>
</testsuite> <!-- controlWEbElementsExercise.Checkbox_RadioButton -->
