<?xml version="1.0" encoding="UTF-8"?>
<!-- Generated by org.testng.reporters.JUnitReportReporter -->
<testsuite hostname="DESKTOP-Q2RM1HI" failures="0" tests="1" name="controlWEbElementsExercise.DropDown_Single" time="3.190" errors="0" timestamp="2021-12-20T13:16:39 IST" skipped="0">
  <testcase classname="controlWEbElementsExercise.DropDown_Single" name="ListBoxSelec" time="3.190"/>
  <system-out/>
</testsuite> <!-- controlWEbElementsExercise.DropDown_Single -->
