<?xml version="1.0" encoding="UTF-8"?>
<!-- Generated by org.testng.reporters.JUnitReportReporter -->
<testsuite hostname="DESKTOP-Q2RM1HI" failures="0" tests="2" name="actionClass.Amazon_actionbuiltoperform" time="23.139" errors="0" timestamp="2021-12-20T13:14:48 IST" skipped="0">
  <testcase classname="actionClass.Amazon_actionbuiltoperform" name="MovetoMouseoverClick" time="17.285"/>
  <system-out/>
  <testcase classname="actionClass.Amazon_actionbuiltoperform" name="Deals" time="5.854"/>
  <system-out/>
</testsuite> <!-- actionClass.Amazon_actionbuiltoperform -->
