<?xml version="1.0" encoding="UTF-8"?>
<!-- Generated by org.testng.reporters.JUnitReportReporter -->
<testsuite hostname="DESKTOP-Q2RM1HI" failures="0" tests="3" name="seleniumGridEx.HRMlogin" time="69.321" errors="0" timestamp="2021-12-30T09:48:25 IST" skipped="0">
  <testcase classname="seleniumGridEx.HRMlogin" name="Login" time="21.941"/>
  <system-out/>
  <testcase classname="seleniumGridEx.HRMlogin" name="Login" time="24.905"/>
  <system-out/>
  <testcase classname="seleniumGridEx.HRMlogin" name="Login" time="22.475"/>
  <system-out/>
</testsuite> <!-- seleniumGridEx.HRMlogin -->
