<?xml version="1.0" encoding="UTF-8"?>
<!-- Generated by org.testng.reporters.JUnitReportReporter -->
<testsuite hostname="DESKTOP-Q2RM1HI" failures="0" tests="1" name="seleniumGridEx.HRMlogin2_edge" time="24.409" errors="0" timestamp="2021-12-29T18:23:16 IST" skipped="0">
  <testcase classname="seleniumGridEx.HRMlogin2_edge" name="Login" time="24.409"/>
  <system-out/>
</testsuite> <!-- seleniumGridEx.HRMlogin2_edge -->
