<?xml version="1.0" encoding="UTF-8"?>
<!-- Generated by org.testng.reporters.JUnitReportReporter -->
<testsuite hostname="DESKTOP-Q2RM1HI" failures="0" tests="1" name="log4j.Sample" time="5.418" errors="0" timestamp="2021-12-22T16:30:14 IST" skipped="0">
  <testcase classname="log4j.Sample" name="login" time="5.418"/>
  <system-out/>
</testsuite> <!-- log4j.Sample -->
