<?xml version="1.0" encoding="UTF-8"?>
<!-- Generated by org.testng.reporters.JUnitReportReporter -->
<testsuite skipped="0" hostname="DESKTOP-Q2RM1HI" name="pomTests.Login" tests="3" failures="0" timestamp="2022-01-07T15:28:58 IST" time="6.339" errors="0">
  <testcase name="verifyLogo" time="0.108" classname="pomTests.Login"/>
  <system-out/>
  <testcase name="verifyTitle" time="0.008" classname="pomTests.Login"/>
  <system-out/>
  <testcase name="login" time="6.223" classname="pomTests.Login"/>
  <system-out/>
</testsuite> <!-- pomTests.Login -->
